<?xml version="1.0" encoding="UTF-8"?>
<!-- Generated by org.testng.reporters.JUnitXMLReporter -->
<testsuite ignored="0" hostname="DEEPAK-LAPTOP" failures="0" tests="3" name="Default test" time="37.801" errors="0" timestamp="2025-07-14T21:50:53 IST">
  <testcase classname="testCases.TC_001_AccountRegistration" name="verifyAccountRegistration" time="3.127"/>
  <testcase classname="testCases.TC_001_AccountRegistration" name="verifyAccountRegistration" time="2.576"/>
  <testcase classname="testCases.TC_001_AccountRegistration" name="verifyAccountRegistration" time="5.589"/>
</testsuite> <!-- Default test -->
