<?xml version="1.0" encoding="UTF-8"?>
<!-- Generated by org.testng.reporters.JUnitXMLReporter -->
<testsuite ignored="0" hostname="DEEPAK-LAPTOP" failures="1" tests="2" name="Test" time="28.115" errors="0" timestamp="2025-07-17T14:02:19 IST">
  <testcase classname="testCases.TC_001_AccountRegistration" name="verifyAccountRegistration" time="2.454"/>
  <testcase classname="testCases.TC_002_Login" name="verifyLogIn" time="16.392">
    <failure type="java.lang.AssertionError" message="account is not exist expected [true] but found [false]">
      <![CDATA[java.lang.AssertionError: account is not exist expected [true] but found [false]
at testCases.TC_002_Login.verifyLogIn(TC_002_Login.java:35)
at java.base/java.util.ArrayList.forEach(ArrayList.java:1597)
... Removed 28 stack frames]]>
    </failure>
  </testcase> <!-- verifyLogIn -->
</testsuite> <!-- Test -->
