<?xml version="1.0" encoding="UTF-8"?>
<testng-results ignored="0" total="1" passed="1" failed="0" skipped="0">
  <reporter-output>
  </reporter-output>
  <suite started-at="2025-07-18T12:36:34 IST" name="Master Suite" finished-at="2025-07-18T12:36:40 IST" duration-ms="5407">
    <groups>
      <group name="Master">
        <method signature="TC_002_Login.verifyLogIn()[pri:0, instance:testCases.TC_002_Login@7d8704ef]" name="verifyLogIn" class="testCases.TC_002_Login"/>
      </group> <!-- Master -->
      <group name="sanity">
        <method signature="TC_002_Login.verifyLogIn()[pri:0, instance:testCases.TC_002_Login@7d8704ef]" name="verifyLogIn" class="testCases.TC_002_Login"/>
      </group> <!-- sanity -->
    </groups>
    <test started-at="2025-07-18T12:36:34 IST" name="Test" finished-at="2025-07-18T12:36:40 IST" duration-ms="5407">
      <class name="testCases.TC_002_Login">
        <test-method is-config="true" signature="setUp(java.lang.String,java.lang.String)[pri:0, instance:testCases.TC_002_Login@7d8704ef]" started-at="2025-07-18T12:36:34 IST" name="setUp" finished-at="2025-07-18T12:36:37 IST" duration-ms="2840" status="PASS">
          <params>
            <param index="0">
              <value>
                <![CDATA[windows]]>
              </value>
            </param>
            <param index="1">
              <value>
                <![CDATA[chrome]]>
              </value>
            </param>
          </params>
          <reporter-output>
          </reporter-output>
        </test-method> <!-- setUp -->
        <test-method signature="verifyLogIn()[pri:0, instance:testCases.TC_002_Login@7d8704ef]" started-at="2025-07-18T12:36:37 IST" name="verifyLogIn" finished-at="2025-07-18T12:36:39 IST" duration-ms="2294" status="PASS">
          <reporter-output>
          </reporter-output>
        </test-method> <!-- verifyLogIn -->
        <test-method is-config="true" signature="tearDown()[pri:0, instance:testCases.TC_002_Login@7d8704ef]" started-at="2025-07-18T12:36:39 IST" name="tearDown" finished-at="2025-07-18T12:36:40 IST" duration-ms="218" status="PASS">
          <reporter-output>
          </reporter-output>
        </test-method> <!-- tearDown -->
      </class> <!-- testCases.TC_002_Login -->
    </test> <!-- Test -->
  </suite> <!-- Master Suite -->
</testng-results>
